<?xml version="1.0" encoding="UTF-8"?>
<!-- Generated by org.testng.reporters.JUnitXMLReporter -->
<testsuite hostname="INPF1S0KPH" ignored="0" name="Default test" tests="3" failures="0" timestamp="10 Apr 2020 06:47:10 GMT" time="50.21" errors="0">
  <testcase name="TC01" time="17.567" classname="TestCases.GoogleTC1"/>
  <testcase name="TC02" time="17.746" classname="TestCases.GoogleTC1"/>
  <testcase name="TC03" time="14.821" classname="TestCases.GoogleTC1"/>
</testsuite> <!-- Default test -->
