<?xml version="1.0" encoding="UTF-8"?>
<testng-results skipped="0" failed="0" ignored="0" total="3" passed="3">
  <reporter-output>
  </reporter-output>
  <suite name="Default suite" duration-ms="50210" started-at="2020-04-10T06:46:20Z" finished-at="2020-04-10T06:47:10Z">
    <groups>
    </groups>
    <test name="Default test" duration-ms="50210" started-at="2020-04-10T06:46:20Z" finished-at="2020-04-10T06:47:10Z">
      <class name="TestCases.GoogleTC1">
        <test-method status="PASS" signature="TC01()[pri:0, instance:TestCases.GoogleTC1@667a738]" name="TC01" duration-ms="17567" started-at="2020-04-10T12:16:20Z" finished-at="2020-04-10T12:16:37Z">
          <reporter-output>
          </reporter-output>
        </test-method> <!-- TC01 -->
        <test-method status="PASS" signature="TC02()[pri:0, instance:TestCases.GoogleTC1@667a738]" name="TC02" duration-ms="17746" started-at="2020-04-10T12:16:37Z" finished-at="2020-04-10T12:16:55Z">
          <reporter-output>
          </reporter-output>
        </test-method> <!-- TC02 -->
        <test-method status="PASS" signature="TC03()[pri:0, instance:TestCases.GoogleTC1@667a738]" name="TC03" duration-ms="14821" started-at="2020-04-10T12:16:55Z" finished-at="2020-04-10T12:17:10Z">
          <reporter-output>
          </reporter-output>
        </test-method> <!-- TC03 -->
      </class> <!-- TestCases.GoogleTC1 -->
    </test> <!-- Default test -->
  </suite> <!-- Default suite -->
</testng-results>
